2017-07-26 11:04:36 DEBUG UTF8Control:41 - stream getResourceAsStream
2017-07-26 11:04:36 DEBUG UTF8Control:41 - stream getResourceAsStream
2017-07-26 11:04:36 DEBUG UTF8Control:41 - stream getResourceAsStream
2017-07-26 11:04:36 DEBUG UTF8Control:41 - stream getResourceAsStream
2017-07-26 11:04:36 DEBUG UTF8Control:41 - stream getResourceAsStream
2017-07-26 11:04:36 DEBUG UTF8Control:49 - InputStream close
2017-07-26 11:04:36 INFO  PrintMessage:31 - current locale en_US
2017-07-26 11:04:36 INFO  PrintMessage:36 - current hour- 11
2017-07-26 11:04:36 INFO  PrintMessage:44 - call say hello
2017-07-26 11:04:36 INFO  PrintMessage:76 - Доброй ночи, Мир!
2017-07-26 11:04:36 INFO  PrintMessage:44 - call say hello
2017-07-26 11:04:36 INFO  PrintMessage:76 - Доброй ночи, Мир!
2017-07-26 11:04:36 INFO  PrintMessage:44 - call say hello
2017-07-26 11:04:36 INFO  PrintMessage:76 - Доброй ночи, Мир!
2017-07-26 11:04:36 INFO  PrintMessage:44 - call say hello
2017-07-26 11:04:36 INFO  PrintMessage:76 - Доброй ночи, Мир!
2017-07-26 11:04:36 INFO  PrintMessage:44 - call say hello
2017-07-26 11:04:36 INFO  PrintMessage:76 - Доброй ночи, Мир!
2017-07-26 11:04:36 INFO  PrintMessage:44 - call say hello
2017-07-26 11:04:36 INFO  PrintMessage:76 - Доброй ночи, Мир!
2017-07-26 11:04:36 INFO  PrintMessage:44 - call say hello
2017-07-26 11:04:36 INFO  PrintMessage:58 - Доброе утро, Мир!
2017-07-26 11:04:36 INFO  PrintMessage:44 - call say hello
2017-07-26 11:04:36 INFO  PrintMessage:58 - Доброе утро, Мир!
2017-07-26 11:04:36 INFO  PrintMessage:44 - call say hello
2017-07-26 11:04:36 INFO  PrintMessage:58 - Доброе утро, Мир!
2017-07-26 11:04:36 INFO  PrintMessage:44 - call say hello
2017-07-26 11:04:36 INFO  PrintMessage:64 - Добрый день, Мир!
2017-07-26 11:04:36 INFO  PrintMessage:44 - call say hello
2017-07-26 11:04:36 INFO  PrintMessage:64 - Добрый день, Мир!
2017-07-26 11:04:36 INFO  PrintMessage:44 - call say hello
2017-07-26 11:04:36 INFO  PrintMessage:64 - Добрый день, Мир!
2017-07-26 11:04:36 INFO  PrintMessage:44 - call say hello
2017-07-26 11:04:36 INFO  PrintMessage:64 - Добрый день, Мир!
2017-07-26 11:04:36 INFO  PrintMessage:44 - call say hello
2017-07-26 11:04:36 INFO  PrintMessage:64 - Добрый день, Мир!
2017-07-26 11:04:36 INFO  PrintMessage:44 - call say hello
2017-07-26 11:04:36 INFO  PrintMessage:64 - Добрый день, Мир!
2017-07-26 11:04:36 INFO  PrintMessage:44 - call say hello
2017-07-26 11:04:36 INFO  PrintMessage:64 - Добрый день, Мир!
2017-07-26 11:04:36 INFO  PrintMessage:44 - call say hello
2017-07-26 11:04:36 INFO  PrintMessage:64 - Добрый день, Мир!
2017-07-26 11:04:36 INFO  PrintMessage:44 - call say hello
2017-07-26 11:04:36 INFO  PrintMessage:64 - Добрый день, Мир!
2017-07-26 11:04:36 INFO  PrintMessage:44 - call say hello
2017-07-26 11:04:36 INFO  PrintMessage:64 - Добрый день, Мир!
2017-07-26 11:04:36 INFO  PrintMessage:44 - call say hello
2017-07-26 11:04:36 INFO  PrintMessage:70 - Добрый вечер, Мир!
2017-07-26 11:04:36 INFO  PrintMessage:44 - call say hello
2017-07-26 11:04:36 INFO  PrintMessage:70 - Добрый вечер, Мир!
2017-07-26 11:04:36 INFO  PrintMessage:44 - call say hello
2017-07-26 11:04:36 INFO  PrintMessage:70 - Добрый вечер, Мир!
2017-07-26 11:04:36 INFO  PrintMessage:44 - call say hello
2017-07-26 11:04:36 INFO  PrintMessage:70 - Добрый вечер, Мир!
2017-07-26 11:04:36 INFO  PrintMessage:44 - call say hello
2017-07-26 11:04:36 INFO  PrintMessage:76 - Доброй ночи, Мир!
2017-07-26 11:04:36 INFO  PrintMessage:31 - current locale ru_RU
2017-07-26 11:04:36 INFO  PrintMessage:36 - current hour- 11
2017-07-26 11:04:36 INFO  PrintMessage:44 - call say hello
2017-07-26 11:04:36 INFO  PrintMessage:76 - Доброй ночи, Мир!
2017-07-26 11:04:36 INFO  PrintMessage:44 - call say hello
2017-07-26 11:04:36 INFO  PrintMessage:76 - Доброй ночи, Мир!
2017-07-26 11:04:36 INFO  PrintMessage:44 - call say hello
2017-07-26 11:04:36 INFO  PrintMessage:76 - Доброй ночи, Мир!
2017-07-26 11:04:36 INFO  PrintMessage:44 - call say hello
2017-07-26 11:04:36 INFO  PrintMessage:76 - Доброй ночи, Мир!
2017-07-26 11:04:36 INFO  PrintMessage:44 - call say hello
2017-07-26 11:04:36 INFO  PrintMessage:76 - Доброй ночи, Мир!
2017-07-26 11:04:36 INFO  PrintMessage:44 - call say hello
2017-07-26 11:04:36 INFO  PrintMessage:76 - Доброй ночи, Мир!
2017-07-26 11:04:36 INFO  PrintMessage:44 - call say hello
2017-07-26 11:04:36 INFO  PrintMessage:58 - Доброе утро, Мир!
2017-07-26 11:04:36 INFO  PrintMessage:44 - call say hello
2017-07-26 11:04:36 INFO  PrintMessage:58 - Доброе утро, Мир!
2017-07-26 11:04:36 INFO  PrintMessage:44 - call say hello
2017-07-26 11:04:36 INFO  PrintMessage:58 - Доброе утро, Мир!
2017-07-26 11:04:36 INFO  PrintMessage:44 - call say hello
2017-07-26 11:04:36 INFO  PrintMessage:64 - Добрый день, Мир!
2017-07-26 11:04:36 INFO  PrintMessage:44 - call say hello
2017-07-26 11:04:36 INFO  PrintMessage:64 - Добрый день, Мир!
2017-07-26 11:04:36 INFO  PrintMessage:44 - call say hello
2017-07-26 11:04:36 INFO  PrintMessage:64 - Добрый день, Мир!
2017-07-26 11:04:36 INFO  PrintMessage:44 - call say hello
2017-07-26 11:04:36 INFO  PrintMessage:64 - Добрый день, Мир!
2017-07-26 11:04:36 INFO  PrintMessage:44 - call say hello
2017-07-26 11:04:36 INFO  PrintMessage:64 - Добрый день, Мир!
2017-07-26 11:04:36 INFO  PrintMessage:44 - call say hello
2017-07-26 11:04:36 INFO  PrintMessage:64 - Добрый день, Мир!
2017-07-26 11:04:36 INFO  PrintMessage:44 - call say hello
2017-07-26 11:04:36 INFO  PrintMessage:64 - Добрый день, Мир!
2017-07-26 11:04:36 INFO  PrintMessage:44 - call say hello
2017-07-26 11:04:36 INFO  PrintMessage:64 - Добрый день, Мир!
2017-07-26 11:04:36 INFO  PrintMessage:44 - call say hello
2017-07-26 11:04:36 INFO  PrintMessage:64 - Добрый день, Мир!
2017-07-26 11:04:36 INFO  PrintMessage:44 - call say hello
2017-07-26 11:04:36 INFO  PrintMessage:64 - Добрый день, Мир!
2017-07-26 11:04:36 INFO  PrintMessage:44 - call say hello
2017-07-26 11:04:36 INFO  PrintMessage:70 - Добрый вечер, Мир!
2017-07-26 11:04:36 INFO  PrintMessage:44 - call say hello
2017-07-26 11:04:36 INFO  PrintMessage:70 - Добрый вечер, Мир!
2017-07-26 11:04:36 INFO  PrintMessage:44 - call say hello
2017-07-26 11:04:36 INFO  PrintMessage:70 - Добрый вечер, Мир!
2017-07-26 11:04:36 INFO  PrintMessage:44 - call say hello
2017-07-26 11:04:36 INFO  PrintMessage:70 - Добрый вечер, Мир!
2017-07-26 11:04:36 INFO  PrintMessage:44 - call say hello
2017-07-26 11:04:36 INFO  PrintMessage:76 - Доброй ночи, Мир!
2017-07-26 11:24:52 INFO  PrintMessage:21 - current locale ru_RU
2017-07-26 11:24:52 DEBUG UTF8Control:41 - stream getResourceAsStream
2017-07-26 11:24:52 DEBUG UTF8Control:41 - stream getResourceAsStream
2017-07-26 11:24:52 DEBUG UTF8Control:41 - stream getResourceAsStream
2017-07-26 11:24:52 DEBUG UTF8Control:41 - stream getResourceAsStream
2017-07-26 11:24:52 DEBUG UTF8Control:41 - stream getResourceAsStream
2017-07-26 11:24:52 DEBUG UTF8Control:49 - InputStream close
2017-07-26 11:24:52 INFO  PrintMessage:26 - current currentHour- 11
2017-07-26 11:24:53 INFO  PrintMessage:44 - call say hello
2017-07-26 11:24:53 INFO  PrintMessage:64 - Добрый день, Мир!
2017-07-26 11:25:43 DEBUG UTF8Control:42 - stream getResourceAsStream
2017-07-26 11:25:43 DEBUG UTF8Control:42 - stream getResourceAsStream
2017-07-26 11:25:43 DEBUG UTF8Control:42 - stream getResourceAsStream
2017-07-26 11:25:43 DEBUG UTF8Control:42 - stream getResourceAsStream
2017-07-26 11:25:43 DEBUG UTF8Control:42 - stream getResourceAsStream
2017-07-26 11:25:43 DEBUG UTF8Control:50 - InputStream close
2017-07-26 11:25:43 INFO  PrintMessage:31 - current locale en_US
2017-07-26 11:25:43 INFO  PrintMessage:36 - current hour- 11
2017-07-26 11:25:43 INFO  PrintMessage:44 - call say hello
2017-07-26 11:25:43 INFO  PrintMessage:76 - Доброй ночи, Мир!
2017-07-26 11:25:43 INFO  PrintMessage:44 - call say hello
2017-07-26 11:25:43 INFO  PrintMessage:76 - Доброй ночи, Мир!
2017-07-26 11:25:43 INFO  PrintMessage:44 - call say hello
2017-07-26 11:25:43 INFO  PrintMessage:76 - Доброй ночи, Мир!
2017-07-26 11:25:43 INFO  PrintMessage:44 - call say hello
2017-07-26 11:25:43 INFO  PrintMessage:76 - Доброй ночи, Мир!
2017-07-26 11:25:43 INFO  PrintMessage:44 - call say hello
2017-07-26 11:25:43 INFO  PrintMessage:76 - Доброй ночи, Мир!
2017-07-26 11:25:43 INFO  PrintMessage:44 - call say hello
2017-07-26 11:25:43 INFO  PrintMessage:76 - Доброй ночи, Мир!
2017-07-26 11:25:43 INFO  PrintMessage:44 - call say hello
2017-07-26 11:25:43 INFO  PrintMessage:58 - Доброе утро, Мир!
2017-07-26 11:25:43 INFO  PrintMessage:44 - call say hello
2017-07-26 11:25:43 INFO  PrintMessage:58 - Доброе утро, Мир!
2017-07-26 11:25:43 INFO  PrintMessage:44 - call say hello
2017-07-26 11:25:43 INFO  PrintMessage:58 - Доброе утро, Мир!
2017-07-26 11:25:43 INFO  PrintMessage:44 - call say hello
2017-07-26 11:25:43 INFO  PrintMessage:64 - Добрый день, Мир!
2017-07-26 11:25:43 INFO  PrintMessage:44 - call say hello
2017-07-26 11:25:43 INFO  PrintMessage:64 - Добрый день, Мир!
2017-07-26 11:25:43 INFO  PrintMessage:44 - call say hello
2017-07-26 11:25:43 INFO  PrintMessage:64 - Добрый день, Мир!
2017-07-26 11:25:43 INFO  PrintMessage:44 - call say hello
2017-07-26 11:25:43 INFO  PrintMessage:64 - Добрый день, Мир!
2017-07-26 11:25:43 INFO  PrintMessage:44 - call say hello
2017-07-26 11:25:43 INFO  PrintMessage:64 - Добрый день, Мир!
2017-07-26 11:25:43 INFO  PrintMessage:44 - call say hello
2017-07-26 11:25:43 INFO  PrintMessage:64 - Добрый день, Мир!
2017-07-26 11:25:43 INFO  PrintMessage:44 - call say hello
2017-07-26 11:25:43 INFO  PrintMessage:64 - Добрый день, Мир!
2017-07-26 11:25:43 INFO  PrintMessage:44 - call say hello
2017-07-26 11:25:43 INFO  PrintMessage:64 - Добрый день, Мир!
2017-07-26 11:25:43 INFO  PrintMessage:44 - call say hello
2017-07-26 11:25:43 INFO  PrintMessage:64 - Добрый день, Мир!
2017-07-26 11:25:43 INFO  PrintMessage:44 - call say hello
2017-07-26 11:25:43 INFO  PrintMessage:64 - Добрый день, Мир!
2017-07-26 11:25:43 INFO  PrintMessage:44 - call say hello
2017-07-26 11:25:43 INFO  PrintMessage:70 - Добрый вечер, Мир!
2017-07-26 11:25:43 INFO  PrintMessage:44 - call say hello
2017-07-26 11:25:43 INFO  PrintMessage:70 - Добрый вечер, Мир!
2017-07-26 11:25:43 INFO  PrintMessage:44 - call say hello
2017-07-26 11:25:43 INFO  PrintMessage:70 - Добрый вечер, Мир!
2017-07-26 11:25:43 INFO  PrintMessage:44 - call say hello
2017-07-26 11:25:43 INFO  PrintMessage:70 - Добрый вечер, Мир!
2017-07-26 11:25:43 INFO  PrintMessage:44 - call say hello
2017-07-26 11:25:43 INFO  PrintMessage:76 - Доброй ночи, Мир!
2017-07-26 11:25:43 INFO  PrintMessage:31 - current locale ru_RU
2017-07-26 11:25:43 INFO  PrintMessage:36 - current hour- 11
2017-07-26 11:25:43 INFO  PrintMessage:44 - call say hello
2017-07-26 11:25:43 INFO  PrintMessage:76 - Доброй ночи, Мир!
2017-07-26 11:25:43 INFO  PrintMessage:44 - call say hello
2017-07-26 11:25:43 INFO  PrintMessage:76 - Доброй ночи, Мир!
2017-07-26 11:25:43 INFO  PrintMessage:44 - call say hello
2017-07-26 11:25:43 INFO  PrintMessage:76 - Доброй ночи, Мир!
2017-07-26 11:25:43 INFO  PrintMessage:44 - call say hello
2017-07-26 11:25:43 INFO  PrintMessage:76 - Доброй ночи, Мир!
2017-07-26 11:25:43 INFO  PrintMessage:44 - call say hello
2017-07-26 11:25:43 INFO  PrintMessage:76 - Доброй ночи, Мир!
2017-07-26 11:25:43 INFO  PrintMessage:44 - call say hello
2017-07-26 11:25:43 INFO  PrintMessage:76 - Доброй ночи, Мир!
2017-07-26 11:25:43 INFO  PrintMessage:44 - call say hello
2017-07-26 11:25:43 INFO  PrintMessage:58 - Доброе утро, Мир!
2017-07-26 11:25:43 INFO  PrintMessage:44 - call say hello
2017-07-26 11:25:43 INFO  PrintMessage:58 - Доброе утро, Мир!
2017-07-26 11:25:43 INFO  PrintMessage:44 - call say hello
2017-07-26 11:25:43 INFO  PrintMessage:58 - Доброе утро, Мир!
2017-07-26 11:25:43 INFO  PrintMessage:44 - call say hello
2017-07-26 11:25:43 INFO  PrintMessage:64 - Добрый день, Мир!
2017-07-26 11:25:43 INFO  PrintMessage:44 - call say hello
2017-07-26 11:25:43 INFO  PrintMessage:64 - Добрый день, Мир!
2017-07-26 11:25:43 INFO  PrintMessage:44 - call say hello
2017-07-26 11:25:43 INFO  PrintMessage:64 - Добрый день, Мир!
2017-07-26 11:25:43 INFO  PrintMessage:44 - call say hello
2017-07-26 11:25:43 INFO  PrintMessage:64 - Добрый день, Мир!
2017-07-26 11:25:43 INFO  PrintMessage:44 - call say hello
2017-07-26 11:25:43 INFO  PrintMessage:64 - Добрый день, Мир!
2017-07-26 11:25:43 INFO  PrintMessage:44 - call say hello
2017-07-26 11:25:43 INFO  PrintMessage:64 - Добрый день, Мир!
2017-07-26 11:25:43 INFO  PrintMessage:44 - call say hello
2017-07-26 11:25:43 INFO  PrintMessage:64 - Добрый день, Мир!
2017-07-26 11:25:43 INFO  PrintMessage:44 - call say hello
2017-07-26 11:25:43 INFO  PrintMessage:64 - Добрый день, Мир!
2017-07-26 11:25:43 INFO  PrintMessage:44 - call say hello
2017-07-26 11:25:43 INFO  PrintMessage:64 - Добрый день, Мир!
2017-07-26 11:25:43 INFO  PrintMessage:44 - call say hello
2017-07-26 11:25:43 INFO  PrintMessage:64 - Добрый день, Мир!
2017-07-26 11:25:43 INFO  PrintMessage:44 - call say hello
2017-07-26 11:25:43 INFO  PrintMessage:70 - Добрый вечер, Мир!
2017-07-26 11:25:43 INFO  PrintMessage:44 - call say hello
2017-07-26 11:25:43 INFO  PrintMessage:70 - Добрый вечер, Мир!
2017-07-26 11:25:43 INFO  PrintMessage:44 - call say hello
2017-07-26 11:25:43 INFO  PrintMessage:70 - Добрый вечер, Мир!
2017-07-26 11:25:43 INFO  PrintMessage:44 - call say hello
2017-07-26 11:25:43 INFO  PrintMessage:70 - Добрый вечер, Мир!
2017-07-26 11:25:43 INFO  PrintMessage:44 - call say hello
2017-07-26 11:25:43 INFO  PrintMessage:76 - Доброй ночи, Мир!
